\BOOKMARK [0][-]{chapter.1}{\376\377\003\225\003\231\003\243\003\221\003\223\003\251\003\223\003\227}{}% 1
\BOOKMARK [0][-]{chapter.2}{\376\377\003\221\003\235\003\221\003\243\003\232\003\237\003\240\003\227\003\243\003\227\000\040\003\244\003\251\003\235\000\040\003\221\003\241\003\230\003\241\003\251\003\235}{}% 2
\BOOKMARK [1][-]{section.2.1}{\376\377\003\240\003\241\003\237\003\243\003\225\003\223\003\223\003\231\003\243\003\225\003\231\003\243\000\040\003\234\003\225\000\040\003\222\003\221\003\243\003\227\000\040\003\244\003\227\003\235\000\040\000X\000M\000L}{chapter.2}% 3
\BOOKMARK [2][-]{subsection.2.1.1}{\376\377\003\247\003\301\003\267\003\303\003\271\003\274\003\314\003\304\003\267\003\304\003\261\000\040\000X\000M\000L}{section.2.1}% 4
\BOOKMARK [2][-]{subsection.2.1.2}{\376\377\003\222\003\271\003\277\003\273\003\277\003\263\003\271\003\272\003\277\003\257\000\040\003\304\003\315\003\300\003\277\003\271\000\040\003\264\003\265\003\264\003\277\003\274\003\255\003\275\003\311\003\275}{section.2.1}% 5
\BOOKMARK [2][-]{subsection.2.1.3}{\376\377\003\221\003\275\003\261\003\300\003\261\003\301\003\254\003\303\003\304\003\261\003\303\003\267\000\040\003\262\003\271\003\277\003\273\003\277\003\263\003\271\003\272\003\316\003\275\000\040\003\264\003\265\003\264\003\277\003\274\003\255\003\275\003\311\003\275\000\040\003\274\003\265\000\040\003\304\003\267\000\040\003\307\003\301\003\256\003\303\003\267\000\040\000X\000M\000L}{section.2.1}% 6
\BOOKMARK [3][-]{subsubsection.2.1.3.1}{\376\377\000B\000i\000o\000i\000n\000f\000o\000r\000m\000a\000t\000i\000c\000\040\000S\000e\000q\000u\000e\000n\000c\000e\000\040\000M\000a\000r\000k\000u\000p\000\040\000L\000a\000n\000g\000u\000a\000g\000e\000\040\000\050\000B\000S\000M\000L\000\051}{subsection.2.1.3}% 7
\BOOKMARK [3][-]{subsubsection.2.1.3.2}{\376\377\000P\000r\000o\000t\000e\000i\000n\000\040\000M\000a\000r\000k\000u\000p\000\040\000L\000a\000n\000g\000u\000a\000g\000e\000\040\000\050\000P\000r\000o\000X\000M\000L\000\051}{subsection.2.1.3}% 8
\BOOKMARK [3][-]{subsubsection.2.1.3.3}{\376\377\003\240\003\241\003\237\003\225\003\232\003\244\003\221\003\243\003\227\000:\000\040\000R\000N\000A\000\040\000M\000a\000r\000k\000u\000p\000\040\000L\000a\000n\000g\000u\000a\000g\000e\000\040\000\050\000R\000N\000A\000M\000L\000\051}{subsection.2.1.3}% 9
\BOOKMARK [3][-]{subsubsection.2.1.3.4}{\376\377\003\240\003\241\003\237\003\225\003\232\003\244\003\221\003\243\003\227\000:\000\040\000S\000y\000s\000t\000e\000m\000\040\000B\000i\000o\000l\000o\000g\000y\000\040\000M\000a\000r\000k\000u\000p\000\040\000L\000a\000n\000g\000u\000a\000g\000e\000\040\000\050\000S\000B\000M\000L\000\051}{subsection.2.1.3}% 10
\BOOKMARK [3][-]{subsubsection.2.1.3.5}{\376\377\003\240\003\241\003\237\003\225\003\232\003\244\003\221\003\243\003\227\000:\000\040\000C\000e\000l\000l\000\040\000M\000a\000r\000k\000u\000p\000\040\000L\000a\000n\000g\000u\000a\000g\000e\000\040\000\050\000C\000e\000l\000l\000M\000L\000\051}{subsection.2.1.3}% 11
\BOOKMARK [2][-]{subsection.2.1.4}{\376\377\003\224\003\271\003\261\003\307\003\265\003\257\003\301\003\271\003\303\003\267\000\040\003\265\003\304\003\265\003\301\003\277\003\263\003\265\003\275\003\316\003\275\000\040\003\262\003\271\003\277\003\273\003\277\003\263\003\271\003\272\003\316\003\275\000\040\003\264\003\265\003\264\003\277\003\274\003\255\003\275\003\311\003\275}{section.2.1}% 12
\BOOKMARK [3][-]{subsubsection.2.1.4.1}{\376\377\003\240\003\241\003\237\003\225\003\232\003\244\003\221\003\243\003\227\000:\000\040\000D\000a\000t\000a\000\040\000w\000a\000r\000e\000h\000o\000u\000s\000e\000\040\003\303\003\305\003\303\003\304\003\256\003\274\003\261\003\304\003\261}{subsection.2.1.4}% 13
\BOOKMARK [3][-]{subsubsection.2.1.4.2}{\376\377\003\240\003\241\003\237\003\225\003\232\003\244\003\221\003\243\003\227\000:\000\040\000M\000e\000d\000i\000a\000t\000o\000r\000-\000b\000a\000s\000e\000d\000\040\003\303\003\305\003\303\003\304\003\256\003\274\003\261\003\304\003\261}{subsection.2.1.4}% 14
\BOOKMARK [3][-]{subsubsection.2.1.4.3}{\376\377\000S\000e\000r\000v\000i\000c\000e\000-\000o\000r\000i\000e\000n\000t\000e\000d\000\040\003\303\003\305\003\303\003\304\003\256\003\274\003\261\003\304\003\261}{subsection.2.1.4}% 15
\BOOKMARK [3][-]{subsubsection.2.1.4.4}{\376\377\000P\000e\000e\000r\000-\000b\000a\000s\000e\000d\000\040\003\303\003\305\003\303\003\304\003\256\003\274\003\261\003\304\003\261}{subsection.2.1.4}% 16
\BOOKMARK [2][-]{subsection.2.1.5}{\376\377\003\240\003\261\003\301\003\254\003\274\003\265\003\304\003\301\003\277\003\271\000\040\003\263\003\271\003\261\000\040\003\304\003\267\003\275\000\040\003\265\003\275\003\277\003\300\003\277\003\257\003\267\003\303\003\267\000\040\003\304\003\311\003\275\000\040\003\264\003\265\003\264\003\277\003\274\003\255\003\275\003\311\003\275}{section.2.1}% 17
\BOOKMARK [2][-]{subsection.2.1.6}{\376\377\003\225\003\276\003\265\003\271\003\264\003\271\003\272\003\265\003\305\003\274\003\255\003\275\003\261\000\040\003\270\003\255\003\274\003\261\003\304\003\261\000\040\003\303\003\304\003\267\003\275\000\040\003\265\003\275\003\277\003\300\003\277\003\257\003\267\003\303\003\267\000\040\000X\000M\000L\000\040\003\264\003\265\003\264\003\277\003\274\003\255\003\275\003\311\003\275}{section.2.1}% 18
\BOOKMARK [1][-]{section.2.2}{\376\377\000E\000D\000A\000M}{chapter.2}% 19
\BOOKMARK [2][-]{subsection.2.2.1}{\376\377\003\240\003\241\003\237\003\225\003\232\003\244\003\221\003\243\003\227\000:\000\040\003\244\003\271\000\040\003\265\003\257\003\275\003\261\003\271\000\040\003\267\000\040\003\277\003\275\003\304\003\277\003\273\003\277\003\263\003\257\003\261\000;}{section.2.2}% 20
\BOOKMARK [2][-]{subsection.2.2.2}{\376\377\003\240\003\316\003\302\000\040\003\264\003\267\003\274\003\271\003\277\003\305\003\301\003\263\003\256\003\270\003\267\003\272\003\265\000\040\003\267\000\040\003\261\003\275\003\254\003\263\003\272\003\267\000\040\003\263\003\271\003\261\000\040\003\275\003\261\000\040\003\264\003\267\003\274\003\271\003\277\003\305\003\301\003\263\003\267\003\270\003\265\003\257\000\040\003\267\000\040\003\277\003\275\003\304\003\277\003\273\003\277\003\263\003\257\003\261\000\040\000E\000D\000A\000M\000;}{section.2.2}% 21
\BOOKMARK [2][-]{subsection.2.2.3}{\376\377\003\244\003\271\000\040\003\300\003\301\003\277\003\303\003\306\003\255\003\301\003\265\003\271\000\040\003\267\000\040\003\277\003\275\003\304\003\277\003\273\003\277\003\263\003\257\003\261\000\040\000E\000D\000A\000M\000;}{section.2.2}% 22
\BOOKMARK [2][-]{subsection.2.2.4}{\376\377\003\245\003\273\003\277\003\300\003\277\003\257\003\267\003\303\003\267\000\040\000E\000D\000A\000M}{section.2.2}% 23
\BOOKMARK [2][-]{subsection.2.2.5}{\376\377\003\225\003\301\003\263\003\261\003\273\003\265\003\257\003\261\000\040\003\303\003\267\003\274\003\261\003\303\003\271\003\277\003\273\003\277\003\263\003\271\003\272\003\277\003\315\000\040\003\303\003\307\003\277\003\273\003\271\003\261\003\303\003\274\003\277\003\315}{section.2.2}% 24
\BOOKMARK [3][-]{subsubsection.2.2.5.1}{\376\377\003\244\003\305\003\300\003\277\003\300\003\277\003\257\003\267\003\303\003\267\000\040\003\303\003\307\003\277\003\273\003\271\003\261\003\303\003\274\003\277\003\315}{subsection.2.2.5}% 25
\BOOKMARK [3][-]{subsubsection.2.2.5.2}{\376\377\003\236\003\265\003\307\003\311\003\301\003\271\003\303\003\304\003\277\003\257\000\040\003\272\003\261\003\304\003\254\003\273\003\277\003\263\003\277\003\271}{subsection.2.2.5}% 26
\BOOKMARK [2][-]{subsection.2.2.6}{\376\377\003\247\003\301\003\256\003\303\003\267\000\040\000E\000D\000A\000M\000\040\003\303\003\265\000\040\003\265\003\306\003\261\003\301\003\274\003\277\003\263\003\255\003\302}{section.2.2}% 27
\BOOKMARK [1][-]{section.2.3}{\376\377\000M\000E\000T\000A\000T\000R\000O\000N}{chapter.2}% 28
\BOOKMARK [2][-]{subsection.2.3.1}{\376\377\003\244\003\271\000\040\003\265\003\257\003\275\003\261\003\271\000\040\003\277\000\040\003\303\003\307\003\277\003\273\003\271\003\261\003\303\003\274\003\314\003\302\000\040\000\050\000a\000n\000n\000o\000t\000a\000t\000i\000n\000g\000\051\000;}{section.2.3}% 29
\BOOKMARK [3][-]{subsubsection.2.3.1.1}{\376\377\003\240\003\241\003\237\003\225\003\232\003\244\003\221\003\243\003\227\000:\000\040\003\232\003\301\003\271\003\304\003\256\003\301\003\271\003\261\000\040\000\050\003\307\003\265\003\271\003\301\003\277\003\272\003\257\003\275\003\267\003\304\003\277\003\305\000\051\000\040\003\303\003\307\003\277\003\273\003\271\003\261\003\303\003\274\003\277\003\315}{subsection.2.3.1}% 30
\BOOKMARK [2][-]{subsection.2.3.2}{\376\377\003\237\000\040\003\301\003\314\003\273\003\277\003\302\000\040\003\304\003\277\003\305\000\040\000M\000e\000t\000a\000t\000r\000o\000n}{section.2.3}% 31
\BOOKMARK [2][-]{subsection.2.3.3}{\376\377\003\247\003\261\003\301\003\261\003\272\003\304\003\267\003\301\003\271\003\303\003\304\003\271\003\272\003\254\000\040\003\304\003\277\003\305\000\040\000M\000e\000t\000a\000T\000r\000o\000n}{section.2.3}% 32
\BOOKMARK [3][-]{subsubsection.2.3.3.1}{\376\377\003\221\003\301\003\307\003\271\003\304\003\265\003\272\003\304\003\277\003\275\003\271\003\272\003\256\000\040\003\304\003\277\003\305\000\040\000M\000e\000g\000a\000T\000r\000o\000n}{subsection.2.3.3}% 33
\BOOKMARK [2][-]{subsection.2.3.4}{\376\377\003\245\003\273\003\277\003\300\003\277\003\257\003\267\003\303\003\267\000\040\003\272\003\261\003\271\000\040\003\261\003\300\003\277\003\304\003\265\003\273\003\255\003\303\003\274\003\261\003\304\003\261}{section.2.3}% 34
\BOOKMARK [1][-]{section.2.4}{\376\377\003\243\003\245\003\235\003\221\003\233\003\233\003\221\003\223\003\225\003\243\000\040\003\243\003\225\000\040\003\243\003\245\003\243\003\244\003\227\003\234\003\221\003\244\003\221\000\040\003\224\003\225\003\224\003\237\003\234\003\225\003\235\003\251\003\235\000\040\003\234\003\225\003\223\003\221\003\233\003\227\003\243\000\040\003\232\003\233\003\231\003\234\003\221\003\232\003\221\003\243}{chapter.2}% 35
\BOOKMARK [2][-]{subsection.2.4.1}{\376\377\003\221\003\305\003\304\003\314\003\274\003\261\003\304\003\277\003\302\000\040\003\274\003\265\003\304\003\261\003\304\003\301\003\277\003\300\003\255\003\261\003\302}{section.2.4}% 36
